[debug] [2022-02-20T15:49:24.859Z] ----------------------------------------------------------------------
[debug] [2022-02-20T15:49:24.860Z] Command:       /home/vladimir/.nvm/versions/node/v16.13.2/bin/node /home/vladimir/.nvm/versions/node/v16.13.2/bin/firebase init hosting
[debug] [2022-02-20T15:49:24.861Z] CLI Version:   10.1.5
[debug] [2022-02-20T15:49:24.861Z] Platform:      linux
[debug] [2022-02-20T15:49:24.861Z] Node Version:  v16.13.2
[debug] [2022-02-20T15:49:24.865Z] Time:          Sun Feb 20 2022 10:49:24 GMT-0500 (Eastern Standard Time)
[debug] [2022-02-20T15:49:24.866Z] ----------------------------------------------------------------------
[debug] 
[debug] [2022-02-20T15:49:24.867Z] >>> [apiv2][query] GET https://firebase-public.firebaseio.com/cli.json [none]
[debug] [2022-02-20T15:49:24.879Z] > command requires scopes: ["email","openid","https://www.googleapis.com/auth/cloudplatformprojects.readonly","https://www.googleapis.com/auth/firebase","https://www.googleapis.com/auth/cloud-platform"]
[debug] [2022-02-20T15:49:24.879Z] > authorizing via signed-in user (solo15mag@gmail.com)
[info] 
     ######## #### ########  ######## ########     ###     ######  ########
     ##        ##  ##     ## ##       ##     ##  ##   ##  ##       ##
     ######    ##  ########  ######   ########  #########  ######  ######
     ##        ##  ##    ##  ##       ##     ## ##     ##       ## ##
     ##       #### ##     ## ######## ########  ##     ##  ######  ########

You're about to initialize a Firebase project in this directory:

  /home/vladimir/coding/server

[info] 
=== Project Setup
[info] 
[info] First, let's associate this project directory with a Firebase project.
[info] You can create multiple project aliases by running firebase use --add, 
[info] but for now we'll just set up a default project.
[info] 
[debug] [2022-02-20T15:49:26.411Z] <<< [apiv2][status] GET https://firebase-public.firebaseio.com/cli.json 200
[debug] [2022-02-20T15:49:26.411Z] <<< [apiv2][body] GET https://firebase-public.firebaseio.com/cli.json {"cloudBuildErrorAfter":1594252800000,"cloudBuildWarnAfter":1590019200000,"defaultNode10After":1594252800000,"minVersion":"3.0.5","node8DeploysDisabledAfter":1613390400000,"node8RuntimeDisabledAfter":1615809600000,"node8WarnAfter":1600128000000}
[debug] [2022-02-20T15:49:30.182Z] > refreshing access token with scopes: []
[debug] [2022-02-20T15:49:30.183Z] >>> HTTP REQUEST POST https://www.googleapis.com/oauth2/v3/token  
 <request body omitted>
[debug] [2022-02-20T15:49:31.308Z] <<< HTTP RESPONSE 200 {"date":"Sun, 20 Feb 2022 15:49:31 GMT","cache-control":"no-cache, no-store, max-age=0, must-revalidate","expires":"Mon, 01 Jan 1990 00:00:00 GMT","pragma":"no-cache","content-type":"application/json; charset=utf-8","vary":"X-Origin, Referer, Origin,Accept-Encoding","server":"scaffolding on HTTPServer2","x-xss-protection":"0","x-frame-options":"SAMEORIGIN","x-content-type-options":"nosniff","alt-svc":"h3=\":443\"; ma=2592000,h3-29=\":443\"; ma=2592000,h3-Q050=\":443\"; ma=2592000,h3-Q046=\":443\"; ma=2592000,h3-Q043=\":443\"; ma=2592000,quic=\":443\"; ma=2592000; v=\"46,43\"","accept-ranges":"none","transfer-encoding":"chunked"}
[debug] [2022-02-20T15:49:31.324Z] >>> [apiv2][query] GET https://firebase.googleapis.com/v1beta1/projects pageSize=100
[debug] [2022-02-20T15:49:32.479Z] <<< [apiv2][status] GET https://firebase.googleapis.com/v1beta1/projects 200
[debug] [2022-02-20T15:49:32.479Z] <<< [apiv2][body] GET https://firebase.googleapis.com/v1beta1/projects [omitted]
[info] i  Using project webrtc-lhl-final (WebRTC-LHL-Final) 
[info] 
=== Hosting Setup
[info] 
[info] Your public directory is the folder (relative to your project directory) that
[info] will contain Hosting assets to be uploaded with firebase deploy. If you
[info] have a build process for your assets, use your build's output directory.
[info] 
[info] ✔  Wrote public/404.html 
[debug] [2022-02-20T15:50:36.982Z] >>> [apiv2][query] GET https://www.gstatic.com/firebasejs/releases.json [none]
[debug] [2022-02-20T15:50:37.620Z] <<< [apiv2][status] GET https://www.gstatic.com/firebasejs/releases.json 200
[debug] [2022-02-20T15:50:37.621Z] <<< [apiv2][body] GET https://www.gstatic.com/firebasejs/releases.json {"current":{"version":"9.6.7","browserURL":"https://www.gstatic.com/firebasejs/9.6.7/firebase.js","packageURL":"https://www.gstatic.com/firebasejs/9.6.7/firebase.tgz"},"live":{"version":"9.6","browserURL":"https://www.gstatic.com/firebasejs/live/9.6/firebase.js","packageURL":"https://www.gstatic.com/firebasejs/live/9.6/firebase.tgz"},"components":{"analytics":"https://www.gstatic.com/firebasejs/9.6.7/firebase-analytics.js","app":"https://www.gstatic.com/firebasejs/9.6.7/firebase-app.js","app-check":"https://www.gstatic.com/firebasejs/9.6.7/firebase-app-check.js","auth":"https://www.gstatic.com/firebasejs/9.6.7/firebase-auth.js","auth/cordova":"https://www.gstatic.com/firebasejs/9.6.7/firebase-auth/cordova.js","auth/react-native":"https://www.gstatic.com/firebasejs/9.6.7/firebase-auth/react-native.js","functions":"https://www.gstatic.com/firebasejs/9.6.7/firebase-functions.js","firestore":"https://www.gstatic.com/firebasejs/9.6.7/firebase-firestore.js","firestore/lite":"https://www.gstatic.com/firebasejs/9.6.7/firebase-firestore/lite.js","storage":"https://www.gstatic.com/firebasejs/9.6.7/firebase-storage.js","performance":"https://www.gstatic.com/firebasejs/9.6.7/firebase-performance.js","remote-config":"https://www.gstatic.com/firebasejs/9.6.7/firebase-remote-config.js","messaging":"https://www.gstatic.com/firebasejs/9.6.7/firebase-messaging.js","messaging/sw":"https://www.gstatic.com/firebasejs/9.6.7/firebase-messaging/sw.js","database":"https://www.gstatic.com/firebasejs/9.6.7/firebase-database.js","firestore.memory":"https://www.gstatic.com/firebasejs/9.6.7/firebase-firestore.memory.js"}}
[info] ✔  Wrote public/index.html 
[info] 
[info] i  Detected a .git folder at /home/vladimir/coding/server 
[info] i  Authorizing with GitHub to upload your service account to a GitHub repository's secrets store. 
[info] 
[info] Visit this URL on this device to log in:
[info] https://github.com/login/oauth/authorize?client_id=89cf50f02ac6aaed3484&state=378220847&redirect_uri=http%3A%2F%2Flocalhost%3A9005&scope=read%3Auser%20repo%20public_repo
[info] 
[info] Waiting for authentication...
[debug] [2022-02-20T15:50:38.118Z] >>> HTTP REQUEST POST https://github.com/login/oauth/access_token  
 {"client_id":"89cf50f02ac6aaed3484","client_secret":"3330d14abc895d9a74d5f17cd7a00711fa2c5bf0","code":"4867dbf98e6e22917111","redirect_uri":"http://localhost:9005","state":"378220847"}
[debug] [2022-02-20T15:50:38.793Z] <<< HTTP RESPONSE 200 {"server":"GitHub.com","date":"Sun, 20 Feb 2022 15:50:38 GMT","content-type":"application/json; charset=utf-8","transfer-encoding":"chunked","vary":"X-PJAX, X-PJAX-Container, Accept-Encoding, Accept, X-Requested-With","permissions-policy":"interest-cohort=()","etag":"W/\"0be3e90838223921b99c903caf01b5e4\"","cache-control":"max-age=0, private, must-revalidate","strict-transport-security":"max-age=31536000; includeSubdomains; preload","x-frame-options":"deny","x-content-type-options":"nosniff","x-xss-protection":"0","referrer-policy":"origin-when-cross-origin, strict-origin-when-cross-origin","expect-ct":"max-age=2592000, report-uri=\"https://api.github.com/_private/browser/errors\"","content-security-policy":"default-src 'none'; base-uri 'self'; block-all-mixed-content; child-src github.com/assets-cdn/worker/ gist.github.com/assets-cdn/worker/; connect-src 'self' uploads.github.com objects-origin.githubusercontent.com www.githubstatus.com collector.githubapp.com collector.github.com api.github.com github-cloud.s3.amazonaws.com github-production-repository-file-5c1aeb.s3.amazonaws.com github-production-upload-manifest-file-7fdce7.s3.amazonaws.com github-production-user-asset-6210df.s3.amazonaws.com cdn.optimizely.com logx.optimizely.com/v1/events translator.github.com wss://alive.github.com; font-src github.githubassets.com; form-action 'self' github.com gist.github.com objects-origin.githubusercontent.com; frame-ancestors 'none'; frame-src render.githubusercontent.com viewscreen.githubusercontent.com notebooks.githubusercontent.com; img-src 'self' data: github.githubassets.com identicons.github.com collector.githubapp.com collector.github.com github-cloud.s3.amazonaws.com secured-user-images.githubusercontent.com/ *.githubusercontent.com; manifest-src 'self'; media-src github.com user-images.githubusercontent.com/; script-src github.githubassets.com; style-src 'unsafe-inline' github.githubassets.com; worker-src github.com/assets-cdn/worker/ gist.github.com/assets-cdn/worker/","x-github-request-id":"D036:0D11:6FF23B:A94DB8:6212634E"}
[debug] [2022-02-20T15:50:38.805Z] >>> [apiv2][query] GET https://api.github.com/user [none]
[debug] [2022-02-20T15:50:40.024Z] <<< [apiv2][status] GET https://api.github.com/user 200
[debug] [2022-02-20T15:50:40.024Z] <<< [apiv2][body] GET https://api.github.com/user {"login":"Vlad-Lab319","id":63407418,"node_id":"MDQ6VXNlcjYzNDA3NDE4","avatar_url":"https://avatars.githubusercontent.com/u/63407418?v=4","gravatar_id":"","url":"https://api.github.com/users/Vlad-Lab319","html_url":"https://github.com/Vlad-Lab319","followers_url":"https://api.github.com/users/Vlad-Lab319/followers","following_url":"https://api.github.com/users/Vlad-Lab319/following{/other_user}","gists_url":"https://api.github.com/users/Vlad-Lab319/gists{/gist_id}","starred_url":"https://api.github.com/users/Vlad-Lab319/starred{/owner}{/repo}","subscriptions_url":"https://api.github.com/users/Vlad-Lab319/subscriptions","organizations_url":"https://api.github.com/users/Vlad-Lab319/orgs","repos_url":"https://api.github.com/users/Vlad-Lab319/repos","events_url":"https://api.github.com/users/Vlad-Lab319/events{/privacy}","received_events_url":"https://api.github.com/users/Vlad-Lab319/received_events","type":"User","site_admin":false,"name":null,"company":null,"blog":"","location":null,"email":null,"hireable":null,"bio":null,"twitter_username":null,"public_repos":36,"public_gists":0,"followers":0,"following":0,"created_at":"2020-04-09T13:18:45Z","updated_at":"2022-02-20T06:50:07Z","private_gists":32,"total_private_repos":2,"owned_private_repos":2,"disk_usage":6700,"collaborators":1,"two_factor_authentication":false,"plan":{"name":"pro","space":976562499,"collaborators":0,"private_repos":9999}}
[info] 
[info] ✔  Success! Logged into GitHub as Vlad-Lab319 
[info] 
